0 info it worked if it ends with ok
1 verbose cli [ 'C:\\Program Files\\nodejs\\node.exe',
1 verbose cli   'C:\\Program Files\\nodejs\\node_modules\\npm\\bin\\npm-cli.js',
1 verbose cli   'start',
1 verbose cli   'get',
1 verbose cli   '-n',
1 verbose cli   'facebook',
1 verbose cli   '-m',
1 verbose cli   'm123' ]
2 info using npm@3.10.3
3 info using node@v6.6.0
4 verbose run-script [ 'prestart', 'start', 'poststart' ]
5 info lifecycle password-manager@1.0.0~prestart: password-manager@1.0.0
6 silly lifecycle password-manager@1.0.0~prestart: no script for prestart, continuing
7 info lifecycle password-manager@1.0.0~start: password-manager@1.0.0
8 verbose lifecycle password-manager@1.0.0~start: unsafe-perm in lifecycle true
9 verbose lifecycle password-manager@1.0.0~start: PATH: C:\Program Files\nodejs\node_modules\npm\bin\node-gyp-bin;E:\Front-back-end\personal-Project\NodeJS\password-Manager\node_modules\.bin;C:\Program Files\nodejs;C:\Users\Jarir\bin;C:\Program Files\Git\mingw64\bin;C:\Program Files\Git\usr\local\bin;C:\Program Files\Git\usr\bin;C:\Program Files\Git\usr\bin;C:\Program Files\Git\mingw64\bin;C:\Program Files\Git\usr\bin;C:\Users\Jarir\bin;C:\ProgramData\Oracle\Java\javapath;C:\Program Files (x86)\Intel\iCLS Client;C:\Program Files\Intel\iCLS Client;C:\windows\system32;C:\windows;C:\windows\System32\Wbem;C:\windows\System32\WindowsPowerShell\v1.0;C:\Program Files\Intel\Intel(R) Management Engine Components\DAL;C:\Program Files\Intel\Intel(R) Management Engine Components\IPT;C:\Program Files (x86)\Intel\Intel(R) Management Engine Components\DAL;C:\Program Files (x86)\Intel\Intel(R) Management Engine Components\IPT;C:\Program Files (x86)\MySQL\MySQL Fabric 1.5 & MySQL Utilities 1.5;C:\Program Files (x86)\MySQL\MySQL Fabric 1.5 & MySQL Utilities 1.5\Doctrine extensions for PHP;D:\Program Files\Java\jdk1.8.0_65\bin;C:\Program Files\Git\cmd;C:\Program Files (x86)\Skype\Phone;C:\Program Files\nodejs;C:\Users\Jarir\AppData\Roaming\npm\node_modules;C:\Users\Jarir\AppData\Roaming\npm;C:\Program Files\Git\usr\bin\vendor_perl;C:\Program Files\Git\usr\bin\core_perl
10 verbose lifecycle password-manager@1.0.0~start: CWD: E:\Front-back-end\personal-Project\NodeJS\password-Manager
11 silly lifecycle password-manager@1.0.0~start: Args: [ '/d /s /c', 'node app.js "get" "facebook"' ]
12 silly lifecycle password-manager@1.0.0~start: Returned: code: 1  signal: null
13 info lifecycle password-manager@1.0.0~start: Failed to exec start script
14 verbose stack Error: password-manager@1.0.0 start: `node app.js "get" "facebook"`
14 verbose stack Exit status 1
14 verbose stack     at EventEmitter.<anonymous> (C:\Program Files\nodejs\node_modules\npm\lib\utils\lifecycle.js:242:16)
14 verbose stack     at emitTwo (events.js:106:13)
14 verbose stack     at EventEmitter.emit (events.js:191:7)
14 verbose stack     at ChildProcess.<anonymous> (C:\Program Files\nodejs\node_modules\npm\lib\utils\spawn.js:40:14)
14 verbose stack     at emitTwo (events.js:106:13)
14 verbose stack     at ChildProcess.emit (events.js:191:7)
14 verbose stack     at maybeClose (internal/child_process.js:877:16)
14 verbose stack     at Process.ChildProcess._handle.onexit (internal/child_process.js:226:5)
15 verbose pkgid password-manager@1.0.0
16 verbose cwd E:\Front-back-end\personal-Project\NodeJS\password-Manager
17 error Windows_NT 6.3.9600
18 error argv "C:\\Program Files\\nodejs\\node.exe" "C:\\Program Files\\nodejs\\node_modules\\npm\\bin\\npm-cli.js" "start" "get" "-n" "facebook" "-m" "m123"
19 error node v6.6.0
20 error npm  v3.10.3
21 error code ELIFECYCLE
22 error password-manager@1.0.0 start: `node app.js "get" "facebook"`
22 error Exit status 1
23 error Failed at the password-manager@1.0.0 start script 'node app.js "get" "facebook"'.
23 error Make sure you have the latest version of node.js and npm installed.
23 error If you do, this is most likely a problem with the password-manager package,
23 error not with npm itself.
23 error Tell the author that this fails on your system:
23 error     node app.js "get" "facebook"
23 error You can get information on how to open an issue for this project with:
23 error     npm bugs password-manager
23 error Or if that isn't available, you can get their info via:
23 error     npm owner ls password-manager
23 error There is likely additional logging output above.
24 verbose exit [ 1, true ]
